----------------------------------------------------------------
Fri Jan 26 21:22:43 CET 2018:
Booting Derby version The Apache Software Foundation - Apache Derby - 10.13.1.1 - (1765088): instance a816c00e-0161-3422-f9de-000014952458 
on database directory memory:/Users/bobanlukic/Documents/MasterIspiti/ordinacija/87b65a20-7dc6-4d88-86e4-f8407a037def with class loader sun.misc.Launcher$AppClassLoader@7d4991ad 
Loaded from file:/Users/bobanlukic/.m2/repository/org/apache/derby/derby/10.13.1.1/derby-10.13.1.1.jar
java.vendor=Oracle Corporation
java.runtime.version=1.8.0_152-b16
user.dir=/Users/bobanlukic/Documents/MasterIspiti/ordinacija
os.name=Mac OS X
os.arch=x86_64
os.version=10.13.3
derby.system.home=null
derby.stream.error.method=org.springframework.jdbc.datasource.embedded.OutputStreamFactory.getNoopOutputStream
Database Class Loader started - derby.database.classpath=''
----------------------------------------------------------------
Fri Jan 26 21:22:44 CET 2018:
Shutting down instance a816c00e-0161-3422-f9de-000014952458 on database directory memory:/Users/bobanlukic/Documents/MasterIspiti/ordinacija/87b65a20-7dc6-4d88-86e4-f8407a037def with class loader sun.misc.Launcher$AppClassLoader@7d4991ad 
----------------------------------------------------------------
Fri Jan 26 21:22:44 CET 2018:
Booting Derby version The Apache Software Foundation - Apache Derby - 10.13.1.1 - (1765088): instance 953a00d1-0161-3422-f9de-000014952458 
on database directory memory:/Users/bobanlukic/Documents/MasterIspiti/ordinacija/dded5a2a-a186-4123-a7c8-1dd233addc46 with class loader sun.misc.Launcher$AppClassLoader@7d4991ad 
Loaded from file:/Users/bobanlukic/.m2/repository/org/apache/derby/derby/10.13.1.1/derby-10.13.1.1.jar
java.vendor=Oracle Corporation
java.runtime.version=1.8.0_152-b16
user.dir=/Users/bobanlukic/Documents/MasterIspiti/ordinacija
os.name=Mac OS X
os.arch=x86_64
os.version=10.13.3
derby.system.home=null
derby.stream.error.method=org.springframework.jdbc.datasource.embedded.OutputStreamFactory.getNoopOutputStream
Database Class Loader started - derby.database.classpath=''
----------------------------------------------------------------
Fri Jan 26 21:22:45 CET 2018:
Shutting down instance 953a00d1-0161-3422-f9de-000014952458 on database directory memory:/Users/bobanlukic/Documents/MasterIspiti/ordinacija/dded5a2a-a186-4123-a7c8-1dd233addc46 with class loader sun.misc.Launcher$AppClassLoader@7d4991ad 
